\BOOKMARK [0][-]{part.1}{\376\377\000I\000\040\000P\000r\000e\000l\000i\000m\000i\000n\000a\000r\000i\000e\000s}{}% 1
\BOOKMARK [1][-]{section.1}{\376\377\000V\000e\000c\000t\000o\000r\000\040\000S\000p\000a\000c\000e}{part.1}% 2
\BOOKMARK [1][-]{section.2}{\376\377\000M\000e\000t\000r\000i\000c\000\040\000S\000p\000a\000c\000e}{part.1}% 3
\BOOKMARK [2][-]{subsection.2.1}{\376\377\000S\000o\000l\000u\000t\000i\000o\000n}{section.2}% 4
\BOOKMARK [2][-]{subsection.2.2}{\376\377\000S\000o\000l\000u\000t\000i\000o\000n}{section.2}% 5
\BOOKMARK [2][-]{subsection.2.3}{\376\377\000S\000o\000l\000u\000t\000i\000o\000n}{section.2}% 6
\BOOKMARK [2][-]{subsection.2.4}{\376\377\000S\000o\000l\000u\000t\000i\000o\000n}{section.2}% 7
\BOOKMARK [2][-]{subsection.2.5}{\376\377\000S\000o\000l\000u\000t\000i\000o\000n}{section.2}% 8
\BOOKMARK [2][-]{subsection.2.6}{\376\377\000S\000o\000l\000u\000t\000i\000o\000n}{section.2}% 9
\BOOKMARK [2][-]{subsection.2.7}{\376\377\000S\000o\000l\000u\000t\000i\000o\000n}{section.2}% 10
\BOOKMARK [2][-]{subsection.2.8}{\376\377\000S\000o\000l\000u\000t\000i\000o\000n}{section.2}% 11
\BOOKMARK [2][-]{subsection.2.9}{\376\377\000S\000o\000l\000u\000t\000i\000o\000n}{section.2}% 12
\BOOKMARK [2][-]{subsection.2.10}{\376\377\000S\000o\000l\000u\000t\000i\000o\000n}{section.2}% 13
\BOOKMARK [2][-]{subsection.2.11}{\376\377\000S\000o\000l\000u\000t\000i\000o\000n}{section.2}% 14
\BOOKMARK [2][-]{subsection.2.12}{\376\377\000S\000o\000l\000u\000t\000i\000o\000n}{section.2}% 15
\BOOKMARK [2][-]{subsection.2.13}{\376\377\000S\000o\000l\000u\000t\000i\000o\000n}{section.2}% 16
\BOOKMARK [2][-]{subsection.2.14}{\376\377\000S\000o\000l\000u\000t\000i\000o\000n}{section.2}% 17
\BOOKMARK [1][-]{section.3}{\376\377\000N\000o\000r\000m\000s\000\040\000a\000n\000d\000\040\000N\000o\000r\000m\000e\000d\000\040\000S\000p\000a\000c\000e\000s}{part.1}% 18
\BOOKMARK [2][-]{subsection.3.1}{\376\377\000S\000o\000l\000u\000t\000i\000o\000n}{section.3}% 19
\BOOKMARK [2][-]{subsection.3.2}{}{section.3}% 20
\BOOKMARK [2][-]{subsection.3.3}{}{section.3}% 21
\BOOKMARK [2][-]{subsection.3.4}{}{section.3}% 22
\BOOKMARK [2][-]{subsection.3.5}{\376\377\000S\000o\000l\000u\000t\000i\000o\000n}{section.3}% 23
\BOOKMARK [2][-]{subsection.3.6}{\376\377\000S\000o\000l\000u\000t\000i\000o\000n}{section.3}% 24
\BOOKMARK [2][-]{subsection.3.7}{\376\377\000S\000o\000l\000u\000t\000i\000o\000n}{section.3}% 25
\BOOKMARK [2][-]{subsection.3.8}{\376\377\000S\000o\000l\000u\000t\000i\000o\000n}{section.3}% 26
\BOOKMARK [2][-]{subsection.3.9}{\376\377\000S\000o\000l\000u\000t\000i\000o\000n}{section.3}% 27
\BOOKMARK [2][-]{subsection.3.10}{}{section.3}% 28
\BOOKMARK [2][-]{subsection.3.11}{\376\377\000S\000o\000l\000u\000t\000i\000o\000n}{section.3}% 29
\BOOKMARK [2][-]{subsection.3.12}{\376\377\000S\000o\000l\000u\000t\000i\000o\000n}{section.3}% 30
\BOOKMARK [2][-]{subsection.3.13}{\376\377\000S\000o\000l\000u\000t\000i\000o\000n}{section.3}% 31
\BOOKMARK [2][-]{subsection.3.14}{}{section.3}% 32
\BOOKMARK [2][-]{subsection.3.15}{}{section.3}% 33
\BOOKMARK [2][-]{subsection.3.16}{\376\377\000S\000o\000l\000u\000t\000i\000o\000n}{section.3}% 34
\BOOKMARK [1][-]{section.4}{\376\377\000C\000o\000m\000p\000l\000e\000t\000e\000\040\000N\000o\000r\000m\000e\000d\000\040\000S\000p\000a\000c\000e\000s}{part.1}% 35
\BOOKMARK [1][-]{section.5}{\376\377\000F\000i\000n\000i\000t\000e\000\040\000D\000i\000m\000e\000n\000s\000i\000o\000n\000\040\000N\000o\000r\000m\000e\000d\000\040\000S\000p\000a\000c\000e\000s}{part.1}% 36
